<?xml version="1.0" encoding="UTF-8"?>
<!-- Generated by org.testng.reporters.JUnitXMLReporter -->
<testsuite ignored="2" hostname="LAPTOP-NEL8K7ML" failures="3" tests="3" name="UITests" time="265.991" errors="0" timestamp="2026-06-25T18:31:07 IST">
  <testcase classname="com.demoproject.tests.LoginPageTest" name="verfiyInVaildLoginPage" time="64.799">
    <failure type="java.lang.AssertionError" message="Test Failed - Invaild error message expected [true] but found [false]">
      <![CDATA[java.lang.AssertionError: Test Failed - Invaild error message expected [true] but found [false]
at com.demoproject.tests.LoginPageTest.verfiyInVaildLoginPage(LoginPageTest.java:52)
at java.base/java.util.concurrent.Executors$RunnableAdapter.call(Executors.java:572)
at java.base/java.util.concurrent.FutureTask.run(FutureTask.java:317)
at java.base/java.util.concurrent.ThreadPoolExecutor.runWorker(ThreadPoolExecutor.java:1144)
at java.base/java.util.concurrent.ThreadPoolExecutor$Worker.run(ThreadPoolExecutor.java:642)
at java.base/java.lang.Thread.run(Thread.java:1583)
... Removed 14 stack frames]]>
    </failure>
  </testcase> <!-- verfiyInVaildLoginPage -->
  <testcase classname="com.demoproject.tests.HomePageTest" name="verifyOrangeHRMLogo" time="185.542">
    <failure type="java.lang.AssertionError" message="Logo is not visible expected [true] but found [false]">
      <![CDATA[java.lang.AssertionError: Logo is not visible expected [true] but found [false]
at com.demoproject.tests.HomePageTest.verifyOrangeHRMLogo(HomePageTest.java:30)
at java.base/java.util.concurrent.Executors$RunnableAdapter.call(Executors.java:572)
at java.base/java.util.concurrent.FutureTask.run(FutureTask.java:317)
at java.base/java.util.concurrent.ThreadPoolExecutor.runWorker(ThreadPoolExecutor.java:1144)
at java.base/java.util.concurrent.ThreadPoolExecutor$Worker.run(ThreadPoolExecutor.java:642)
at java.base/java.lang.Thread.run(Thread.java:1583)
... Removed 14 stack frames]]>
    </failure>
  </testcase> <!-- verifyOrangeHRMLogo -->
  <testcase classname="com.demoproject.tests.LoginPageTest" name="verfiyVaildLoginPage" time="183.33">
    <failure type="java.lang.AssertionError" message="Admin tab should be visable afterlogin expected [true] but found [false]">
      <![CDATA[java.lang.AssertionError: Admin tab should be visable afterlogin expected [true] but found [false]
at com.demoproject.tests.LoginPageTest.verfiyVaildLoginPage(LoginPageTest.java:35)
at java.base/java.util.concurrent.Executors$RunnableAdapter.call(Executors.java:572)
at java.base/java.util.concurrent.FutureTask.run(FutureTask.java:317)
at java.base/java.util.concurrent.ThreadPoolExecutor.runWorker(ThreadPoolExecutor.java:1144)
at java.base/java.util.concurrent.ThreadPoolExecutor$Worker.run(ThreadPoolExecutor.java:642)
at java.base/java.lang.Thread.run(Thread.java:1583)
... Removed 14 stack frames]]>
    </failure>
  </testcase> <!-- verfiyVaildLoginPage -->
  <testcase classname="com.orangehrm.base.BaseClass" name="@AfterSuite tearDownSuite" time="0.0">
    <ignored/>
  </testcase> <!-- @AfterSuite tearDownSuite -->
  <testcase classname="com.orangehrm.base.BaseClass" name="@BeforeSuite loadConfig" time="0.0">
    <ignored/>
  </testcase> <!-- @BeforeSuite loadConfig -->
</testsuite> <!-- UITests -->
