<?xml version="1.0" encoding="UTF-8"?>
<!-- Generated by org.testng.reporters.JUnitXMLReporter -->
<testsuite ignored="0" hostname="LAPTOP-NEL8K7ML" failures="2" tests="2" name="BackendTests" time="0.022" errors="0" timestamp="2026-06-25T18:24:31 IST">
  <testcase classname="com.demoproject.tests.DBVerficationTest" name="verifyEmployeeNameVerificationFromDB" time="0.0">
    <failure type="org.testng.TestNGException" message="
Method public void com.demoproject.tests.DBVerficationTest.verifyEmployeeNameVerificationFromDB(java.lang.String,java.lang.String) requires a @DataProvider named : emplVerification in class com.orangehrm.utilities.DataProviders">
      <![CDATA[org.testng.TestNGException: 
Method public void com.demoproject.tests.DBVerficationTest.verifyEmployeeNameVerificationFromDB(java.lang.String,java.lang.String) requires a @DataProvider named : emplVerification in class com.orangehrm.utilities.DataProviders
at java.base/java.util.concurrent.Executors$RunnableAdapter.call(Executors.java:572)
at java.base/java.util.concurrent.FutureTask.run(FutureTask.java:317)
at java.base/java.util.concurrent.ThreadPoolExecutor.runWorker(ThreadPoolExecutor.java:1144)
at java.base/java.util.concurrent.ThreadPoolExecutor$Worker.run(ThreadPoolExecutor.java:642)
at java.base/java.lang.Thread.run(Thread.java:1583)
... Removed 10 stack frames]]>
    </failure>
  </testcase> <!-- verifyEmployeeNameVerificationFromDB -->
  <testcase classname="com.demoproject.tests.ApiTest" name="verifyGetUserAPI" time="0.006">
    <failure type="java.lang.NullPointerException" message="Cannot invoke &amp;quot;com.aventstack.extentreports.ExtentTest.info(String)&amp;quot; because the return value of &amp;quot;com.orangehrm.utilities.ExtentManager.getTest()&amp;quot; is null">
      <![CDATA[java.lang.NullPointerException: Cannot invoke "com.aventstack.extentreports.ExtentTest.info(String)" because the return value of "com.orangehrm.utilities.ExtentManager.getTest()" is null
at com.orangehrm.utilities.ExtentManager.logStep(ExtentManager.java:81)
at com.demoproject.tests.ApiTest.verifyGetUserAPI(ApiTest.java:20)
at java.base/java.util.concurrent.Executors$RunnableAdapter.call(Executors.java:572)
at java.base/java.util.concurrent.FutureTask.run(FutureTask.java:317)
at java.base/java.util.concurrent.ThreadPoolExecutor.runWorker(ThreadPoolExecutor.java:1144)
at java.base/java.util.concurrent.ThreadPoolExecutor$Worker.run(ThreadPoolExecutor.java:642)
at java.base/java.lang.Thread.run(Thread.java:1583)
... Removed 11 stack frames]]>
    </failure>
  </testcase> <!-- verifyGetUserAPI -->
</testsuite> <!-- BackendTests -->
