<?xml version="1.0" encoding="UTF-8"?>
<!-- Generated by org.testng.reporters.JUnitXMLReporter -->
<testsuite ignored="2" hostname="LAPTOP-NEL8K7ML" failures="0" tests="2" name="DummyTests" time="6.484" errors="0" timestamp="2026-06-25T18:24:37 IST">
  <testcase classname="com.demoproject.tests.DummyTest2" name="dummyone" time="0.028"/>
  <testcase classname="com.demoproject.tests.DummyTest" name="dummyone" time="0.023">
    <skipped/>
  </testcase> <!-- dummyone -->
  <testcase classname="com.orangehrm.base.BaseClass" name="@AfterSuite tearDownSuite" time="0.0">
    <ignored/>
  </testcase> <!-- @AfterSuite tearDownSuite -->
  <testcase classname="com.orangehrm.base.BaseClass" name="@BeforeSuite loadConfig" time="0.0">
    <ignored/>
  </testcase> <!-- @BeforeSuite loadConfig -->
</testsuite> <!-- DummyTests -->
