<?xml version="1.0" encoding="UTF-8"?>
<!-- Generated by org.testng.reporters.JUnitXMLReporter -->
<testsuite ignored="1" hostname="LAPTOP-NEL8K7ML" failures="0" tests="2" name="OrangeHRMTest2" time="12.446" errors="0" timestamp="2026-06-22T01:38:24 IST">
  <testcase classname="com.demoproject.tests.DummyTest" name="dummyone" time="0.317"/>
  <testcase classname="com.demoproject.tests.DummyTest2" name="dummyone" time="0.026"/>
  <testcase classname="com.orangehrm.base.BaseClass" name="@BeforeSuite loadConfig" time="0.0">
    <ignored/>
  </testcase> <!-- @BeforeSuite loadConfig -->
</testsuite> <!-- OrangeHRMTest2 -->
