<?xml version="1.0" encoding="UTF-8"?>
<testsuite xmlns:xsi="http://www.w3.org/2001/XMLSchema-instance" xsi:noNamespaceSchemaLocation="https://maven.apache.org/surefire/maven-surefire-plugin/xsd/surefire-test-report.xsd" version="3.0.1" name="TestSuite" time="12.77" tests="2" errors="0" skipped="1" failures="0">
  <properties>
[...]
</properties>
  <testcase name="dummyone" classname="com.demoproject.tests.DummyTest" time="0.0">
    <skipped message="Skipping the test as part of Testing"/>
    <system-out><![CDATA[2026-06-25 20:02:28 [main] INFO  BaseClass - Property File Loaded
Setting Up the Webdriver for:DummyTest
Setting Up the Webdriver for:DummyTest2
2026-06-25 20:02:33 [TestNG-test-DummyTests-2] INFO  BaseClass - Chrome driver instance ids created
2026-06-25 20:02:33 [TestNG-test-DummyTests-1] INFO  BaseClass - Chrome driver instance ids created
2026-06-25 20:02:38 [TestNG-test-DummyTests-1] INFO  BaseClass - Webdriver initizlized and browser maximize
2026-06-25 20:02:38 [TestNG-test-DummyTests-1] TRACE BaseClass - Trace Message
2026-06-25 20:02:38 [TestNG-test-DummyTests-1] ERROR BaseClass - Error Message
2026-06-25 20:02:38 [TestNG-test-DummyTests-1] DEBUG BaseClass - Debug Message
2026-06-25 20:02:38 [TestNG-test-DummyTests-1] FATAL BaseClass - Fetal Message
2026-06-25 20:02:38 [TestNG-test-DummyTests-1] WARN  BaseClass - warn Message
2026-06-25 20:02:38 [TestNG-test-DummyTests-1] INFO  BaseClass - ActionDriver initliazed for thread:29
Test Passed - Title is matching
]]></system-out>
    <system-err><![CDATA[SLF4J(W): No SLF4J providers were found.
SLF4J(W): Defaulting to no-operation (NOP) logger implementation
SLF4J(W): See https://www.slf4j.org/codes.html#noProviders for further details.
2026-06-25T14:32:28.092308300Z main WARN No Root logger was configured, creating default ERROR-level Root logger with Console appender
]]></system-err>
  </testcase>
  <testcase name="dummyone" classname="com.demoproject.tests.DummyTest2" time="0.01">
    <system-out><![CDATA[2026-06-25 20:02:38 [TestNG-test-DummyTests-1] INFO  BaseClass - WebDriver Instance is closed.
2026-06-25 20:02:39 [TestNG-test-DummyTests-2] INFO  BaseClass - Webdriver initizlized and browser maximize
2026-06-25 20:02:39 [TestNG-test-DummyTests-2] TRACE BaseClass - Trace Message
2026-06-25 20:02:39 [TestNG-test-DummyTests-2] ERROR BaseClass - Error Message
2026-06-25 20:02:39 [TestNG-test-DummyTests-2] DEBUG BaseClass - Debug Message
2026-06-25 20:02:39 [TestNG-test-DummyTests-2] FATAL BaseClass - Fetal Message
2026-06-25 20:02:39 [TestNG-test-DummyTests-2] WARN  BaseClass - warn Message
2026-06-25 20:02:39 [TestNG-test-DummyTests-2] INFO  BaseClass - ActionDriver initliazed for thread:30
Test Passed - Title is matching
]]></system-out>
  </testcase>
</testsuite>