<?xml version="1.0" encoding="UTF-8"?>
<testng-results ignored="0" total="2" passed="1" failed="0" skipped="1">
  <reporter-output>
  </reporter-output>
  <suite started-at="2026-06-25T20:02:28 IST" name="OrangeHRMSuite" finished-at="2026-06-25T20:02:39 IST" duration-ms="11027">
    <groups>
    </groups>
    <test started-at="2026-06-25T20:02:28 IST" name="DummyTests" finished-at="2026-06-25T20:02:39 IST" duration-ms="11027">
      <class name="com.demoproject.tests.DummyTest">
        <test-method is-config="true" signature="loadConfig()[pri:0, instance:com.demoproject.tests.DummyTest@479460a6]" started-at="2026-06-25T20:02:28 IST" name="loadConfig" finished-at="2026-06-25T20:02:28 IST" duration-ms="19" status="PASS">
          <reporter-output>
          </reporter-output>
        </test-method> <!-- loadConfig -->
        <test-method is-config="true" signature="setup()[pri:0, instance:com.demoproject.tests.DummyTest@479460a6]" started-at="2026-06-25T20:02:28 IST" name="setup" finished-at="2026-06-25T20:02:38 IST" duration-ms="10151" status="PASS">
          <reporter-output>
          </reporter-output>
        </test-method> <!-- setup -->
        <test-method signature="dummyone()[pri:0, instance:com.demoproject.tests.DummyTest@479460a6]" started-at="2026-06-25T20:02:38 IST" name="dummyone" finished-at="2026-06-25T20:02:38 IST" duration-ms="288" status="SKIP">
          <exception class="org.testng.SkipException">
            <message>
              <![CDATA[Skipping the test as part of Testing]]>
            </message>
            <full-stacktrace>
              <![CDATA[org.testng.SkipException: Skipping the test as part of Testing
at com.demoproject.tests.DummyTest.dummyone(DummyTest.java:22)
at java.base/jdk.internal.reflect.DirectMethodHandleAccessor.invoke(DirectMethodHandleAccessor.java:103)
at java.base/java.lang.reflect.Method.invoke(Method.java:580)
at org.testng.internal.invokers.MethodInvocationHelper.invokeMethod(MethodInvocationHelper.java:141)
at org.testng.internal.invokers.TestInvoker.invokeMethod(TestInvoker.java:697)
at org.testng.internal.invokers.TestInvoker.invokeTestMethod(TestInvoker.java:230)
at org.testng.internal.invokers.MethodRunner.runInSequence(MethodRunner.java:63)
at org.testng.internal.invokers.TestInvoker$MethodInvocationAgent.invoke(TestInvoker.java:1005)
at org.testng.internal.invokers.TestInvoker.invokeTestMethods(TestInvoker.java:203)
at org.testng.internal.invokers.TestMethodWorker.invokeTestMethods(TestMethodWorker.java:154)
at org.testng.internal.invokers.TestMethodWorker.run(TestMethodWorker.java:134)
at java.base/java.util.concurrent.Executors$RunnableAdapter.call(Executors.java:572)
at java.base/java.util.concurrent.FutureTask.run(FutureTask.java:317)
at org.testng.internal.thread.graph.TestNGFutureTask.run(TestNGFutureTask.java:22)
at java.base/java.util.concurrent.ThreadPoolExecutor.runWorker(ThreadPoolExecutor.java:1144)
at java.base/java.util.concurrent.ThreadPoolExecutor$Worker.run(ThreadPoolExecutor.java:642)
at java.base/java.lang.Thread.run(Thread.java:1583)
]]>
            </full-stacktrace>
          </exception> <!-- org.testng.SkipException -->
          <reporter-output>
          </reporter-output>
        </test-method> <!-- dummyone -->
        <test-method is-config="true" signature="tearDown()[pri:0, instance:com.demoproject.tests.DummyTest@479460a6]" started-at="2026-06-25T20:02:38 IST" name="tearDown" finished-at="2026-06-25T20:02:38 IST" duration-ms="181" status="PASS">
          <reporter-output>
          </reporter-output>
        </test-method> <!-- tearDown -->
        <test-method is-config="true" signature="tearDownSuite()[pri:0, instance:com.demoproject.tests.DummyTest@479460a6]" started-at="2026-06-25T20:02:39 IST" name="tearDownSuite" finished-at="2026-06-25T20:02:39 IST" duration-ms="375" status="PASS">
          <reporter-output>
          </reporter-output>
        </test-method> <!-- tearDownSuite -->
      </class> <!-- com.demoproject.tests.DummyTest -->
      <class name="com.demoproject.tests.DummyTest2">
        <test-method is-config="true" signature="setup()[pri:0, instance:com.demoproject.tests.DummyTest2@7a220c9a]" started-at="2026-06-25T20:02:28 IST" name="setup" finished-at="2026-06-25T20:02:39 IST" duration-ms="10822" status="PASS">
          <reporter-output>
          </reporter-output>
        </test-method> <!-- setup -->
        <test-method signature="dummyone()[pri:0, instance:com.demoproject.tests.DummyTest2@7a220c9a]" started-at="2026-06-25T20:02:39 IST" name="dummyone" finished-at="2026-06-25T20:02:39 IST" duration-ms="10" status="PASS">
          <reporter-output>
          </reporter-output>
        </test-method> <!-- dummyone -->
        <test-method is-config="true" signature="tearDown()[pri:0, instance:com.demoproject.tests.DummyTest2@7a220c9a]" started-at="2026-06-25T20:02:39 IST" name="tearDown" finished-at="2026-06-25T20:02:39 IST" duration-ms="159" status="PASS">
          <reporter-output>
          </reporter-output>
        </test-method> <!-- tearDown -->
      </class> <!-- com.demoproject.tests.DummyTest2 -->
    </test> <!-- DummyTests -->
  </suite> <!-- OrangeHRMSuite -->
</testng-results>
