<?xml version="1.0" encoding="UTF-8"?>
<!-- Generated by org.testng.reporters.JUnitReportReporter -->
<testsuite hostname="LAPTOP-NEL8K7ML" failures="0" tests="1" name="com.demoproject.tests.DBVerficationTest" time="0.000" errors="1" timestamp="2026-06-25T18:24:38 IST" skipped="0">
  <testcase classname="com.demoproject.tests.DBVerficationTest" name="verifyEmployeeNameVerificationFromDB" time="0.000">
    <error message="
Method public void com.demoproject.tests.DBVerficationTest.verifyEmployeeNameVerificationFromDB(java.lang.String,java.lang.String) requires a @DataProvider named : emplVerification in class com.orangehrm.utilities.DataProviders" type="org.testng.TestNGException">
      <![CDATA[org.testng.TestNGException: 
Method public void com.demoproject.tests.DBVerficationTest.verifyEmployeeNameVerificationFromDB(java.lang.String,java.lang.String) requires a @DataProvider named : emplVerification in class com.orangehrm.utilities.DataProviders
at org.testng.internal.Parameters.findDataProvider(Parameters.java:532)
at org.testng.internal.Parameters.handleParameters(Parameters.java:769)
at org.testng.internal.Parameters.handleParameters(Parameters.java:734)
at org.testng.internal.invokers.ParameterHandler.handleParameters(ParameterHandler.java:72)
at org.testng.internal.invokers.ParameterHandler.createParameters(ParameterHandler.java:51)
at org.testng.internal.invokers.TestInvoker$MethodInvocationAgent.invoke(TestInvoker.java:949)
at org.testng.internal.invokers.TestInvoker.invokeTestMethods(TestInvoker.java:203)
at org.testng.internal.invokers.TestMethodWorker.invokeTestMethods(TestMethodWorker.java:154)
at org.testng.internal.invokers.TestMethodWorker.run(TestMethodWorker.java:134)
at java.base/java.util.concurrent.Executors$RunnableAdapter.call(Executors.java:572)
at java.base/java.util.concurrent.FutureTask.run(FutureTask.java:317)
at org.testng.internal.thread.graph.TestNGFutureTask.run(TestNGFutureTask.java:22)
at java.base/java.util.concurrent.ThreadPoolExecutor.runWorker(ThreadPoolExecutor.java:1144)
at java.base/java.util.concurrent.ThreadPoolExecutor$Worker.run(ThreadPoolExecutor.java:642)
at java.base/java.lang.Thread.run(Thread.java:1583)
]]>
    </error>
  </testcase> <!-- verifyEmployeeNameVerificationFromDB -->
</testsuite> <!-- com.demoproject.tests.DBVerficationTest -->
